<?xml version="1.0" encoding="UTF-8"?>
<!-- Generated by org.testng.reporters.JUnitXMLReporter -->
<testsuite ignored="0" hostname="IN-PG02P5XG" failures="0" tests="2" name="Functional" time="0.073" errors="0" timestamp="2023-01-09T21:08:55 IST">
  <testcase classname="flipkart.Pages.BasePage" name="@BeforeMethod setup" time="0.012">
    <failure type="java.lang.NoClassDefFoundError" message="Com/JarUtils/ReadingPropertiesFile">
      <![CDATA[java.lang.NoClassDefFoundError: Com/JarUtils/ReadingPropertiesFile
at flipkart.Pages.BasePage.setup(BasePage.java:46)
at java.base/java.util.ArrayList.forEach(ArrayList.java:1540)
Caused by: java.lang.ClassNotFoundException: Com.JarUtils.ReadingPropertiesFile
at java.base/jdk.internal.loader.BuiltinClassLoader.loadClass(BuiltinClassLoader.java:581)
at java.base/jdk.internal.loader.ClassLoaders$AppClassLoader.loadClass(ClassLoaders.java:178)
at java.base/java.lang.ClassLoader.loadClass(ClassLoader.java:521)
... 37 more
... Removed 35 stack frames]]>
    </failure>
  </testcase> <!-- @BeforeMethod setup -->
  <testcase classname="flipkart.Pages.BasePage" name="@AfterMethod status" time="0.0">
    <skipped/>
  </testcase> <!-- @AfterMethod status -->
  <testcase classname="flipkart.Pages.BasePage" name="@BeforeMethod setup" time="0.0">
    <skipped/>
  </testcase> <!-- @BeforeMethod setup -->
  <testcase classname="flipkart.Pages.BasePage" name="@AfterMethod status" time="0.0">
    <skipped/>
  </testcase> <!-- @AfterMethod status -->
  <testcase classname="flipkart.TestCases.LoginTest" name="validCredentialsLogin" time="0.0">
    <skipped/>
  </testcase> <!-- validCredentialsLogin -->
  <testcase classname="flipkart.TestCases.LoginTest" name="inValidCredentialsLogin" time="0.0">
    <skipped/>
  </testcase> <!-- inValidCredentialsLogin -->
</testsuite> <!-- Functional -->
